2021-05-08 16:43:17.146 [SpringContextShutdownHook] INFO  o.s.scheduling.concurrent.ThreadPoolTaskExecutor - Shutting down ExecutorService 'applicationTaskExecutor'
2021-05-08 16:43:17.152 [SpringContextShutdownHook] INFO  com.zaxxer.hikari.HikariDataSource - HikariPool-1 - Shutdown initiated...
2021-05-08 16:43:17.158 [SpringContextShutdownHook] INFO  com.zaxxer.hikari.HikariDataSource - HikariPool-1 - Shutdown completed.
2021-05-08 16:43:25.154 [restartedMain] INFO  com.guli.teacher.TeacherApplication - Starting TeacherApplication using Java 14.0.2 on diyandeMacBook-Pro.local with PID 65359 (/Users/c1eye/IdeaProject/untitled/guli_parent/guli_teacher/target/classes started by c1eye in /Users/c1eye/IdeaProject/untitled/guli_parent)
2021-05-08 16:43:25.156 [restartedMain] INFO  com.guli.teacher.TeacherApplication - The following profiles are active: dev
2021-05-08 16:43:25.199 [restartedMain] INFO  o.s.b.d.env.DevToolsPropertyDefaultsPostProcessor - Devtools property defaults active! Set 'spring.devtools.add-properties' to 'false' to disable
2021-05-08 16:43:25.199 [restartedMain] INFO  o.s.b.d.env.DevToolsPropertyDefaultsPostProcessor - For additional web related logging consider setting the 'logging.level.web' property to 'DEBUG'
2021-05-08 16:43:26.611 [restartedMain] INFO  o.s.boot.web.embedded.tomcat.TomcatWebServer - Tomcat initialized with port(s): 8001 (http)
2021-05-08 16:43:26.621 [restartedMain] INFO  org.apache.coyote.http11.Http11NioProtocol - Initializing ProtocolHandler ["http-nio-8001"]
2021-05-08 16:43:26.621 [restartedMain] INFO  org.apache.catalina.core.StandardService - Starting service [Tomcat]
2021-05-08 16:43:26.622 [restartedMain] INFO  org.apache.catalina.core.StandardEngine - Starting Servlet engine: [Apache Tomcat/9.0.44]
2021-05-08 16:43:26.694 [restartedMain] INFO  o.a.c.core.ContainerBase.[Tomcat].[localhost].[/] - Initializing Spring embedded WebApplicationContext
2021-05-08 16:43:26.694 [restartedMain] INFO  o.s.b.w.s.c.ServletWebServerApplicationContext - Root WebApplicationContext: initialization completed in 1494 ms
2021-05-08 16:43:26.922 [restartedMain] INFO  com.zaxxer.hikari.HikariDataSource - HikariPool-1 - Starting...
2021-05-08 16:43:27.108 [restartedMain] INFO  com.zaxxer.hikari.HikariDataSource - HikariPool-1 - Start completed.
2021-05-08 16:43:27.738 [restartedMain] INFO  s.d.s.w.PropertySourcedRequestMappingHandlerMapping - Mapped URL path [/v2/api-docs] onto method [springfox.documentation.swagger2.web.Swagger2Controller#getDocumentation(String, HttpServletRequest)]
2021-05-08 16:43:27.825 [restartedMain] INFO  o.s.scheduling.concurrent.ThreadPoolTaskExecutor - Initializing ExecutorService 'applicationTaskExecutor'
2021-05-08 16:43:27.870 [restartedMain] INFO  o.s.b.d.autoconfigure.OptionalLiveReloadServer - LiveReload server is running on port 35729
2021-05-08 16:43:28.013 [restartedMain] INFO  org.apache.coyote.http11.Http11NioProtocol - Starting ProtocolHandler ["http-nio-8001"]
2021-05-08 16:43:28.032 [restartedMain] INFO  o.s.boot.web.embedded.tomcat.TomcatWebServer - Tomcat started on port(s): 8001 (http) with context path ''
2021-05-08 16:43:28.033 [restartedMain] INFO  s.d.s.web.plugins.DocumentationPluginsBootstrapper - Context refreshed
2021-05-08 16:43:28.051 [restartedMain] INFO  s.d.s.web.plugins.DocumentationPluginsBootstrapper - Found 1 custom documentation plugin(s)
2021-05-08 16:43:28.078 [restartedMain] INFO  s.d.spring.web.scanners.ApiListingReferenceScanner - Scanning for api listing references
2021-05-08 16:43:28.198 [restartedMain] INFO  s.d.s.w.r.operation.CachingOperationNameGenerator - Generating unique operation named: deleteByIdUsingDELETE_1
2021-05-08 16:43:28.249 [restartedMain] INFO  com.guli.teacher.TeacherApplication - Started TeacherApplication in 3.623 seconds (JVM running for 4.441)
2021-05-08 16:43:35.836 [restartedMain] INFO  com.guli.oss.OSSApplication - Starting OSSApplication using Java 14.0.2 on diyandeMacBook-Pro.local with PID 65379 (/Users/c1eye/IdeaProject/untitled/guli_parent/guli_oss/target/classes started by c1eye in /Users/c1eye/IdeaProject/untitled/guli_parent)
2021-05-08 16:43:35.838 [restartedMain] INFO  com.guli.oss.OSSApplication - The following profiles are active: dev
2021-05-08 16:43:35.876 [restartedMain] INFO  o.s.b.d.env.DevToolsPropertyDefaultsPostProcessor - Devtools property defaults active! Set 'spring.devtools.add-properties' to 'false' to disable
2021-05-08 16:43:35.876 [restartedMain] INFO  o.s.b.d.env.DevToolsPropertyDefaultsPostProcessor - For additional web related logging consider setting the 'logging.level.web' property to 'DEBUG'
2021-05-08 16:43:36.954 [restartedMain] INFO  o.s.boot.web.embedded.tomcat.TomcatWebServer - Tomcat initialized with port(s): 8002 (http)
2021-05-08 16:43:36.965 [restartedMain] INFO  org.apache.coyote.http11.Http11NioProtocol - Initializing ProtocolHandler ["http-nio-8002"]
2021-05-08 16:43:36.966 [restartedMain] INFO  org.apache.catalina.core.StandardService - Starting service [Tomcat]
2021-05-08 16:43:36.966 [restartedMain] INFO  org.apache.catalina.core.StandardEngine - Starting Servlet engine: [Apache Tomcat/9.0.44]
2021-05-08 16:43:37.050 [restartedMain] INFO  o.a.c.core.ContainerBase.[Tomcat].[localhost].[/] - Initializing Spring embedded WebApplicationContext
2021-05-08 16:43:37.051 [restartedMain] INFO  o.s.b.w.s.c.ServletWebServerApplicationContext - Root WebApplicationContext: initialization completed in 1174 ms
2021-05-08 16:43:37.433 [restartedMain] INFO  s.d.s.w.PropertySourcedRequestMappingHandlerMapping - Mapped URL path [/v2/api-docs] onto method [springfox.documentation.swagger2.web.Swagger2Controller#getDocumentation(String, HttpServletRequest)]
2021-05-08 16:43:37.506 [restartedMain] INFO  o.s.scheduling.concurrent.ThreadPoolTaskExecutor - Initializing ExecutorService 'applicationTaskExecutor'
2021-05-08 16:43:37.687 [restartedMain] INFO  org.apache.coyote.http11.Http11NioProtocol - Starting ProtocolHandler ["http-nio-8002"]
2021-05-08 16:43:37.707 [restartedMain] INFO  o.s.boot.web.embedded.tomcat.TomcatWebServer - Tomcat started on port(s): 8002 (http) with context path ''
2021-05-08 16:43:37.708 [restartedMain] INFO  s.d.s.web.plugins.DocumentationPluginsBootstrapper - Context refreshed
2021-05-08 16:43:37.728 [restartedMain] INFO  s.d.s.web.plugins.DocumentationPluginsBootstrapper - Found 1 custom documentation plugin(s)
2021-05-08 16:43:37.757 [restartedMain] INFO  s.d.spring.web.scanners.ApiListingReferenceScanner - Scanning for api listing references
2021-05-08 16:43:37.868 [restartedMain] INFO  com.guli.oss.OSSApplication - Started OSSApplication in 2.463 seconds (JVM running for 3.125)
2021-05-08 16:43:44.666 [http-nio-8001-exec-1] INFO  o.a.c.core.ContainerBase.[Tomcat].[localhost].[/] - Initializing Spring DispatcherServlet 'dispatcherServlet'
2021-05-08 16:43:44.667 [http-nio-8001-exec-1] INFO  org.springframework.web.servlet.DispatcherServlet - Initializing Servlet 'dispatcherServlet'
2021-05-08 16:43:44.668 [http-nio-8001-exec-1] INFO  org.springframework.web.servlet.DispatcherServlet - Completed initialization in 1 ms
2021-05-08 18:46:17.661 [SpringContextShutdownHook] INFO  o.s.scheduling.concurrent.ThreadPoolTaskExecutor - Shutting down ExecutorService 'applicationTaskExecutor'
2021-05-08 18:46:17.666 [SpringContextShutdownHook] INFO  com.zaxxer.hikari.HikariDataSource - HikariPool-1 - Shutdown initiated...
2021-05-08 18:46:17.670 [SpringContextShutdownHook] INFO  com.zaxxer.hikari.HikariDataSource - HikariPool-1 - Shutdown completed.
2021-05-08 18:46:24.234 [restartedMain] INFO  com.guli.teacher.TeacherApplication - Starting TeacherApplication using Java 14.0.2 on diyandeMacBook-Pro.local with PID 71010 (/Users/c1eye/IdeaProject/untitled/guli_parent/guli_teacher/target/classes started by c1eye in /Users/c1eye/IdeaProject/untitled/guli_parent)
2021-05-08 18:46:24.236 [restartedMain] INFO  com.guli.teacher.TeacherApplication - The following profiles are active: dev
2021-05-08 18:46:24.282 [restartedMain] INFO  o.s.b.d.env.DevToolsPropertyDefaultsPostProcessor - Devtools property defaults active! Set 'spring.devtools.add-properties' to 'false' to disable
2021-05-08 18:46:24.283 [restartedMain] INFO  o.s.b.d.env.DevToolsPropertyDefaultsPostProcessor - For additional web related logging consider setting the 'logging.level.web' property to 'DEBUG'
2021-05-08 18:46:25.802 [restartedMain] INFO  o.s.boot.web.embedded.tomcat.TomcatWebServer - Tomcat initialized with port(s): 8001 (http)
2021-05-08 18:46:25.814 [restartedMain] INFO  org.apache.coyote.http11.Http11NioProtocol - Initializing ProtocolHandler ["http-nio-8001"]
2021-05-08 18:46:25.815 [restartedMain] INFO  org.apache.catalina.core.StandardService - Starting service [Tomcat]
2021-05-08 18:46:25.816 [restartedMain] INFO  org.apache.catalina.core.StandardEngine - Starting Servlet engine: [Apache Tomcat/9.0.44]
2021-05-08 18:46:25.896 [restartedMain] INFO  o.a.c.core.ContainerBase.[Tomcat].[localhost].[/] - Initializing Spring embedded WebApplicationContext
2021-05-08 18:46:25.897 [restartedMain] INFO  o.s.b.w.s.c.ServletWebServerApplicationContext - Root WebApplicationContext: initialization completed in 1613 ms
2021-05-08 18:46:26.142 [restartedMain] INFO  com.zaxxer.hikari.HikariDataSource - HikariPool-1 - Starting...
2021-05-08 18:46:26.311 [restartedMain] INFO  com.zaxxer.hikari.HikariDataSource - HikariPool-1 - Start completed.
2021-05-08 18:46:26.961 [restartedMain] INFO  s.d.s.w.PropertySourcedRequestMappingHandlerMapping - Mapped URL path [/v2/api-docs] onto method [springfox.documentation.swagger2.web.Swagger2Controller#getDocumentation(String, HttpServletRequest)]
2021-05-08 18:46:27.057 [restartedMain] INFO  o.s.scheduling.concurrent.ThreadPoolTaskExecutor - Initializing ExecutorService 'applicationTaskExecutor'
2021-05-08 18:46:27.100 [restartedMain] INFO  o.s.b.d.autoconfigure.OptionalLiveReloadServer - LiveReload server is running on port 35729
2021-05-08 18:46:27.254 [restartedMain] INFO  org.apache.coyote.http11.Http11NioProtocol - Starting ProtocolHandler ["http-nio-8001"]
2021-05-08 18:46:27.281 [restartedMain] INFO  o.s.boot.web.embedded.tomcat.TomcatWebServer - Tomcat started on port(s): 8001 (http) with context path ''
2021-05-08 18:46:27.282 [restartedMain] INFO  s.d.s.web.plugins.DocumentationPluginsBootstrapper - Context refreshed
2021-05-08 18:46:27.304 [restartedMain] INFO  s.d.s.web.plugins.DocumentationPluginsBootstrapper - Found 1 custom documentation plugin(s)
2021-05-08 18:46:27.332 [restartedMain] INFO  s.d.spring.web.scanners.ApiListingReferenceScanner - Scanning for api listing references
2021-05-08 18:46:27.470 [restartedMain] INFO  s.d.s.w.r.operation.CachingOperationNameGenerator - Generating unique operation named: deleteByIdUsingDELETE_1
2021-05-08 18:46:27.525 [restartedMain] INFO  com.guli.teacher.TeacherApplication - Started TeacherApplication in 3.75 seconds (JVM running for 4.525)
2021-05-08 18:46:36.571 [http-nio-8001-exec-1] INFO  o.a.c.core.ContainerBase.[Tomcat].[localhost].[/] - Initializing Spring DispatcherServlet 'dispatcherServlet'
2021-05-08 18:46:36.572 [http-nio-8001-exec-1] INFO  org.springframework.web.servlet.DispatcherServlet - Initializing Servlet 'dispatcherServlet'
2021-05-08 18:46:36.573 [http-nio-8001-exec-1] INFO  org.springframework.web.servlet.DispatcherServlet - Completed initialization in 1 ms
2021-05-08 19:15:59.872 [SpringContextShutdownHook] INFO  o.s.scheduling.concurrent.ThreadPoolTaskExecutor - Shutting down ExecutorService 'applicationTaskExecutor'
2021-05-08 19:15:59.877 [SpringContextShutdownHook] INFO  com.zaxxer.hikari.HikariDataSource - HikariPool-1 - Shutdown initiated...
2021-05-08 19:15:59.881 [SpringContextShutdownHook] INFO  com.zaxxer.hikari.HikariDataSource - HikariPool-1 - Shutdown completed.
2021-05-08 19:16:05.656 [restartedMain] INFO  com.guli.teacher.TeacherApplication - Starting TeacherApplication using Java 14.0.2 on diyandeMacBook-Pro.local with PID 74650 (/Users/c1eye/IdeaProject/untitled/guli_parent/guli_teacher/target/classes started by c1eye in /Users/c1eye/IdeaProject/untitled/guli_parent)
2021-05-08 19:16:05.658 [restartedMain] INFO  com.guli.teacher.TeacherApplication - The following profiles are active: dev
2021-05-08 19:16:05.696 [restartedMain] INFO  o.s.b.d.env.DevToolsPropertyDefaultsPostProcessor - Devtools property defaults active! Set 'spring.devtools.add-properties' to 'false' to disable
2021-05-08 19:16:05.697 [restartedMain] INFO  o.s.b.d.env.DevToolsPropertyDefaultsPostProcessor - For additional web related logging consider setting the 'logging.level.web' property to 'DEBUG'
2021-05-08 19:16:07.072 [restartedMain] INFO  o.s.boot.web.embedded.tomcat.TomcatWebServer - Tomcat initialized with port(s): 8001 (http)
2021-05-08 19:16:07.081 [restartedMain] INFO  org.apache.coyote.http11.Http11NioProtocol - Initializing ProtocolHandler ["http-nio-8001"]
2021-05-08 19:16:07.082 [restartedMain] INFO  org.apache.catalina.core.StandardService - Starting service [Tomcat]
2021-05-08 19:16:07.082 [restartedMain] INFO  org.apache.catalina.core.StandardEngine - Starting Servlet engine: [Apache Tomcat/9.0.44]
2021-05-08 19:16:07.139 [restartedMain] INFO  o.a.c.core.ContainerBase.[Tomcat].[localhost].[/] - Initializing Spring embedded WebApplicationContext
2021-05-08 19:16:07.140 [restartedMain] INFO  o.s.b.w.s.c.ServletWebServerApplicationContext - Root WebApplicationContext: initialization completed in 1442 ms
2021-05-08 19:16:07.339 [restartedMain] INFO  com.zaxxer.hikari.HikariDataSource - HikariPool-1 - Starting...
2021-05-08 19:16:07.466 [restartedMain] INFO  com.zaxxer.hikari.HikariDataSource - HikariPool-1 - Start completed.
2021-05-08 19:16:08.056 [restartedMain] INFO  s.d.s.w.PropertySourcedRequestMappingHandlerMapping - Mapped URL path [/v2/api-docs] onto method [springfox.documentation.swagger2.web.Swagger2Controller#getDocumentation(String, HttpServletRequest)]
2021-05-08 19:16:08.139 [restartedMain] INFO  o.s.scheduling.concurrent.ThreadPoolTaskExecutor - Initializing ExecutorService 'applicationTaskExecutor'
2021-05-08 19:16:08.177 [restartedMain] INFO  o.s.b.d.autoconfigure.OptionalLiveReloadServer - LiveReload server is running on port 35729
2021-05-08 19:16:08.308 [restartedMain] INFO  org.apache.coyote.http11.Http11NioProtocol - Starting ProtocolHandler ["http-nio-8001"]
2021-05-08 19:16:08.326 [restartedMain] INFO  o.s.boot.web.embedded.tomcat.TomcatWebServer - Tomcat started on port(s): 8001 (http) with context path ''
2021-05-08 19:16:08.327 [restartedMain] INFO  s.d.s.web.plugins.DocumentationPluginsBootstrapper - Context refreshed
2021-05-08 19:16:08.346 [restartedMain] INFO  s.d.s.web.plugins.DocumentationPluginsBootstrapper - Found 1 custom documentation plugin(s)
2021-05-08 19:16:08.372 [restartedMain] INFO  s.d.spring.web.scanners.ApiListingReferenceScanner - Scanning for api listing references
2021-05-08 19:16:08.482 [restartedMain] INFO  s.d.s.w.r.operation.CachingOperationNameGenerator - Generating unique operation named: deleteByIdUsingDELETE_1
2021-05-08 19:16:08.527 [restartedMain] INFO  com.guli.teacher.TeacherApplication - Started TeacherApplication in 3.288 seconds (JVM running for 4.036)
2021-05-08 19:16:12.860 [http-nio-8001-exec-1] INFO  o.a.c.core.ContainerBase.[Tomcat].[localhost].[/] - Initializing Spring DispatcherServlet 'dispatcherServlet'
2021-05-08 19:16:12.861 [http-nio-8001-exec-1] INFO  org.springframework.web.servlet.DispatcherServlet - Initializing Servlet 'dispatcherServlet'
2021-05-08 19:16:12.863 [http-nio-8001-exec-1] INFO  org.springframework.web.servlet.DispatcherServlet - Completed initialization in 2 ms
2021-05-08 19:21:56.676 [SpringContextShutdownHook] INFO  o.s.scheduling.concurrent.ThreadPoolTaskExecutor - Shutting down ExecutorService 'applicationTaskExecutor'
2021-05-08 19:21:56.681 [SpringContextShutdownHook] INFO  com.zaxxer.hikari.HikariDataSource - HikariPool-1 - Shutdown initiated...
2021-05-08 19:21:56.691 [SpringContextShutdownHook] INFO  com.zaxxer.hikari.HikariDataSource - HikariPool-1 - Shutdown completed.
2021-05-08 19:22:02.303 [restartedMain] INFO  com.guli.teacher.TeacherApplication - Starting TeacherApplication using Java 14.0.2 on diyandeMacBook-Pro.local with PID 75286 (/Users/c1eye/IdeaProject/untitled/guli_parent/guli_teacher/target/classes started by c1eye in /Users/c1eye/IdeaProject/untitled/guli_parent)
2021-05-08 19:22:02.305 [restartedMain] INFO  com.guli.teacher.TeacherApplication - The following profiles are active: dev
2021-05-08 19:22:02.344 [restartedMain] INFO  o.s.b.d.env.DevToolsPropertyDefaultsPostProcessor - Devtools property defaults active! Set 'spring.devtools.add-properties' to 'false' to disable
2021-05-08 19:22:02.344 [restartedMain] INFO  o.s.b.d.env.DevToolsPropertyDefaultsPostProcessor - For additional web related logging consider setting the 'logging.level.web' property to 'DEBUG'
2021-05-08 19:22:03.684 [restartedMain] INFO  o.s.boot.web.embedded.tomcat.TomcatWebServer - Tomcat initialized with port(s): 8001 (http)
2021-05-08 19:22:03.696 [restartedMain] INFO  org.apache.coyote.http11.Http11NioProtocol - Initializing ProtocolHandler ["http-nio-8001"]
2021-05-08 19:22:03.697 [restartedMain] INFO  org.apache.catalina.core.StandardService - Starting service [Tomcat]
2021-05-08 19:22:03.698 [restartedMain] INFO  org.apache.catalina.core.StandardEngine - Starting Servlet engine: [Apache Tomcat/9.0.44]
2021-05-08 19:22:03.763 [restartedMain] INFO  o.a.c.core.ContainerBase.[Tomcat].[localhost].[/] - Initializing Spring embedded WebApplicationContext
2021-05-08 19:22:03.763 [restartedMain] INFO  o.s.b.w.s.c.ServletWebServerApplicationContext - Root WebApplicationContext: initialization completed in 1418 ms
2021-05-08 19:22:03.953 [restartedMain] INFO  com.zaxxer.hikari.HikariDataSource - HikariPool-1 - Starting...
2021-05-08 19:22:04.085 [restartedMain] INFO  com.zaxxer.hikari.HikariDataSource - HikariPool-1 - Start completed.
2021-05-08 19:22:04.652 [restartedMain] INFO  s.d.s.w.PropertySourcedRequestMappingHandlerMapping - Mapped URL path [/v2/api-docs] onto method [springfox.documentation.swagger2.web.Swagger2Controller#getDocumentation(String, HttpServletRequest)]
2021-05-08 19:22:04.738 [restartedMain] INFO  o.s.scheduling.concurrent.ThreadPoolTaskExecutor - Initializing ExecutorService 'applicationTaskExecutor'
2021-05-08 19:22:04.773 [restartedMain] INFO  o.s.b.d.autoconfigure.OptionalLiveReloadServer - LiveReload server is running on port 35729
2021-05-08 19:22:04.896 [restartedMain] INFO  org.apache.coyote.http11.Http11NioProtocol - Starting ProtocolHandler ["http-nio-8001"]
2021-05-08 19:22:04.914 [restartedMain] INFO  o.s.boot.web.embedded.tomcat.TomcatWebServer - Tomcat started on port(s): 8001 (http) with context path ''
2021-05-08 19:22:04.915 [restartedMain] INFO  s.d.s.web.plugins.DocumentationPluginsBootstrapper - Context refreshed
2021-05-08 19:22:04.932 [restartedMain] INFO  s.d.s.web.plugins.DocumentationPluginsBootstrapper - Found 1 custom documentation plugin(s)
2021-05-08 19:22:04.959 [restartedMain] INFO  s.d.spring.web.scanners.ApiListingReferenceScanner - Scanning for api listing references
2021-05-08 19:22:05.067 [restartedMain] INFO  s.d.s.w.r.operation.CachingOperationNameGenerator - Generating unique operation named: deleteByIdUsingDELETE_1
2021-05-08 19:22:05.108 [restartedMain] INFO  com.guli.teacher.TeacherApplication - Started TeacherApplication in 3.234 seconds (JVM running for 3.915)
2021-05-08 19:22:30.472 [http-nio-8001-exec-1] INFO  o.a.c.core.ContainerBase.[Tomcat].[localhost].[/] - Initializing Spring DispatcherServlet 'dispatcherServlet'
2021-05-08 19:22:30.473 [http-nio-8001-exec-1] INFO  org.springframework.web.servlet.DispatcherServlet - Initializing Servlet 'dispatcherServlet'
2021-05-08 19:22:30.474 [http-nio-8001-exec-1] INFO  org.springframework.web.servlet.DispatcherServlet - Completed initialization in 1 ms
2021-05-08 19:26:17.627 [SpringContextShutdownHook] INFO  o.s.scheduling.concurrent.ThreadPoolTaskExecutor - Shutting down ExecutorService 'applicationTaskExecutor'
2021-05-08 19:26:17.631 [SpringContextShutdownHook] INFO  com.zaxxer.hikari.HikariDataSource - HikariPool-1 - Shutdown initiated...
2021-05-08 19:26:17.640 [SpringContextShutdownHook] INFO  com.zaxxer.hikari.HikariDataSource - HikariPool-1 - Shutdown completed.
2021-05-08 19:26:23.868 [restartedMain] INFO  com.guli.teacher.TeacherApplication - Starting TeacherApplication using Java 14.0.2 on diyandeMacBook-Pro.local with PID 75779 (/Users/c1eye/IdeaProject/untitled/guli_parent/guli_teacher/target/classes started by c1eye in /Users/c1eye/IdeaProject/untitled/guli_parent)
2021-05-08 19:26:23.876 [restartedMain] INFO  com.guli.teacher.TeacherApplication - The following profiles are active: dev
2021-05-08 19:26:24.024 [restartedMain] INFO  o.s.b.d.env.DevToolsPropertyDefaultsPostProcessor - Devtools property defaults active! Set 'spring.devtools.add-properties' to 'false' to disable
2021-05-08 19:26:24.025 [restartedMain] INFO  o.s.b.d.env.DevToolsPropertyDefaultsPostProcessor - For additional web related logging consider setting the 'logging.level.web' property to 'DEBUG'
2021-05-08 19:26:26.020 [restartedMain] INFO  o.s.boot.web.embedded.tomcat.TomcatWebServer - Tomcat initialized with port(s): 8001 (http)
2021-05-08 19:26:26.035 [restartedMain] INFO  org.apache.coyote.http11.Http11NioProtocol - Initializing ProtocolHandler ["http-nio-8001"]
2021-05-08 19:26:26.036 [restartedMain] INFO  org.apache.catalina.core.StandardService - Starting service [Tomcat]
2021-05-08 19:26:26.041 [restartedMain] INFO  org.apache.catalina.core.StandardEngine - Starting Servlet engine: [Apache Tomcat/9.0.44]
2021-05-08 19:26:26.128 [restartedMain] INFO  o.a.c.core.ContainerBase.[Tomcat].[localhost].[/] - Initializing Spring embedded WebApplicationContext
2021-05-08 19:26:26.129 [restartedMain] INFO  o.s.b.w.s.c.ServletWebServerApplicationContext - Root WebApplicationContext: initialization completed in 2102 ms
2021-05-08 19:26:26.377 [restartedMain] INFO  com.zaxxer.hikari.HikariDataSource - HikariPool-1 - Starting...
2021-05-08 19:26:26.533 [restartedMain] INFO  com.zaxxer.hikari.HikariDataSource - HikariPool-1 - Start completed.
2021-05-08 19:26:27.211 [restartedMain] INFO  s.d.s.w.PropertySourcedRequestMappingHandlerMapping - Mapped URL path [/v2/api-docs] onto method [springfox.documentation.swagger2.web.Swagger2Controller#getDocumentation(String, HttpServletRequest)]
2021-05-08 19:26:27.295 [restartedMain] INFO  o.s.scheduling.concurrent.ThreadPoolTaskExecutor - Initializing ExecutorService 'applicationTaskExecutor'
2021-05-08 19:26:27.332 [restartedMain] INFO  o.s.b.d.autoconfigure.OptionalLiveReloadServer - LiveReload server is running on port 35729
2021-05-08 19:26:27.458 [restartedMain] INFO  org.apache.coyote.http11.Http11NioProtocol - Starting ProtocolHandler ["http-nio-8001"]
2021-05-08 19:26:27.477 [restartedMain] INFO  o.s.boot.web.embedded.tomcat.TomcatWebServer - Tomcat started on port(s): 8001 (http) with context path ''
2021-05-08 19:26:27.479 [restartedMain] INFO  s.d.s.web.plugins.DocumentationPluginsBootstrapper - Context refreshed
2021-05-08 19:26:27.496 [restartedMain] INFO  s.d.s.web.plugins.DocumentationPluginsBootstrapper - Found 1 custom documentation plugin(s)
2021-05-08 19:26:27.538 [restartedMain] INFO  s.d.spring.web.scanners.ApiListingReferenceScanner - Scanning for api listing references
2021-05-08 19:26:27.680 [restartedMain] INFO  s.d.s.w.r.operation.CachingOperationNameGenerator - Generating unique operation named: deleteByIdUsingDELETE_1
2021-05-08 19:26:27.741 [restartedMain] INFO  com.guli.teacher.TeacherApplication - Started TeacherApplication in 4.391 seconds (JVM running for 5.38)
2021-05-08 19:26:30.183 [http-nio-8001-exec-1] INFO  o.a.c.core.ContainerBase.[Tomcat].[localhost].[/] - Initializing Spring DispatcherServlet 'dispatcherServlet'
2021-05-08 19:26:30.184 [http-nio-8001-exec-1] INFO  org.springframework.web.servlet.DispatcherServlet - Initializing Servlet 'dispatcherServlet'
2021-05-08 19:26:30.186 [http-nio-8001-exec-1] INFO  org.springframework.web.servlet.DispatcherServlet - Completed initialization in 2 ms
2021-05-08 19:27:09.993 [SpringContextShutdownHook] INFO  o.s.scheduling.concurrent.ThreadPoolTaskExecutor - Shutting down ExecutorService 'applicationTaskExecutor'
2021-05-08 19:27:09.996 [SpringContextShutdownHook] INFO  com.zaxxer.hikari.HikariDataSource - HikariPool-1 - Shutdown initiated...
2021-05-08 19:27:10.002 [SpringContextShutdownHook] INFO  com.zaxxer.hikari.HikariDataSource - HikariPool-1 - Shutdown completed.
2021-05-08 19:27:14.686 [restartedMain] INFO  com.guli.teacher.TeacherApplication - Starting TeacherApplication using Java 14.0.2 on diyandeMacBook-Pro.local with PID 75871 (/Users/c1eye/IdeaProject/untitled/guli_parent/guli_teacher/target/classes started by c1eye in /Users/c1eye/IdeaProject/untitled/guli_parent)
2021-05-08 19:27:14.689 [restartedMain] INFO  com.guli.teacher.TeacherApplication - The following profiles are active: dev
2021-05-08 19:27:14.732 [restartedMain] INFO  o.s.b.d.env.DevToolsPropertyDefaultsPostProcessor - Devtools property defaults active! Set 'spring.devtools.add-properties' to 'false' to disable
2021-05-08 19:27:14.733 [restartedMain] INFO  o.s.b.d.env.DevToolsPropertyDefaultsPostProcessor - For additional web related logging consider setting the 'logging.level.web' property to 'DEBUG'
2021-05-08 19:27:15.911 [restartedMain] INFO  o.s.boot.web.embedded.tomcat.TomcatWebServer - Tomcat initialized with port(s): 8001 (http)
2021-05-08 19:27:15.918 [restartedMain] INFO  org.apache.coyote.http11.Http11NioProtocol - Initializing ProtocolHandler ["http-nio-8001"]
2021-05-08 19:27:15.919 [restartedMain] INFO  org.apache.catalina.core.StandardService - Starting service [Tomcat]
2021-05-08 19:27:15.919 [restartedMain] INFO  org.apache.catalina.core.StandardEngine - Starting Servlet engine: [Apache Tomcat/9.0.44]
2021-05-08 19:27:15.970 [restartedMain] INFO  o.a.c.core.ContainerBase.[Tomcat].[localhost].[/] - Initializing Spring embedded WebApplicationContext
2021-05-08 19:27:15.971 [restartedMain] INFO  o.s.b.w.s.c.ServletWebServerApplicationContext - Root WebApplicationContext: initialization completed in 1237 ms
2021-05-08 19:27:16.126 [restartedMain] INFO  com.zaxxer.hikari.HikariDataSource - HikariPool-1 - Starting...
2021-05-08 19:27:16.246 [restartedMain] INFO  com.zaxxer.hikari.HikariDataSource - HikariPool-1 - Start completed.
2021-05-08 19:27:16.740 [restartedMain] INFO  s.d.s.w.PropertySourcedRequestMappingHandlerMapping - Mapped URL path [/v2/api-docs] onto method [springfox.documentation.swagger2.web.Swagger2Controller#getDocumentation(String, HttpServletRequest)]
2021-05-08 19:27:16.812 [restartedMain] INFO  o.s.scheduling.concurrent.ThreadPoolTaskExecutor - Initializing ExecutorService 'applicationTaskExecutor'
2021-05-08 19:27:16.837 [restartedMain] INFO  o.s.b.d.autoconfigure.OptionalLiveReloadServer - LiveReload server is running on port 35729
2021-05-08 19:27:16.936 [restartedMain] INFO  org.apache.coyote.http11.Http11NioProtocol - Starting ProtocolHandler ["http-nio-8001"]
2021-05-08 19:27:16.953 [restartedMain] INFO  o.s.boot.web.embedded.tomcat.TomcatWebServer - Tomcat started on port(s): 8001 (http) with context path ''
2021-05-08 19:27:16.955 [restartedMain] INFO  s.d.s.web.plugins.DocumentationPluginsBootstrapper - Context refreshed
2021-05-08 19:27:16.965 [restartedMain] INFO  s.d.s.web.plugins.DocumentationPluginsBootstrapper - Found 1 custom documentation plugin(s)
2021-05-08 19:27:16.988 [restartedMain] INFO  s.d.spring.web.scanners.ApiListingReferenceScanner - Scanning for api listing references
2021-05-08 19:27:17.083 [restartedMain] INFO  s.d.s.w.r.operation.CachingOperationNameGenerator - Generating unique operation named: deleteByIdUsingDELETE_1
2021-05-08 19:27:17.120 [restartedMain] INFO  com.guli.teacher.TeacherApplication - Started TeacherApplication in 2.797 seconds (JVM running for 3.438)
2021-05-08 19:27:20.681 [http-nio-8001-exec-1] INFO  o.a.c.core.ContainerBase.[Tomcat].[localhost].[/] - Initializing Spring DispatcherServlet 'dispatcherServlet'
2021-05-08 19:27:20.681 [http-nio-8001-exec-1] INFO  org.springframework.web.servlet.DispatcherServlet - Initializing Servlet 'dispatcherServlet'
2021-05-08 19:27:20.683 [http-nio-8001-exec-1] INFO  org.springframework.web.servlet.DispatcherServlet - Completed initialization in 1 ms
2021-05-08 19:53:14.105 [SpringContextShutdownHook] INFO  o.s.scheduling.concurrent.ThreadPoolTaskExecutor - Shutting down ExecutorService 'applicationTaskExecutor'
2021-05-08 19:53:14.124 [SpringContextShutdownHook] INFO  com.zaxxer.hikari.HikariDataSource - HikariPool-1 - Shutdown initiated...
2021-05-08 19:53:14.240 [SpringContextShutdownHook] INFO  com.zaxxer.hikari.HikariDataSource - HikariPool-1 - Shutdown completed.
2021-05-08 19:53:20.217 [restartedMain] INFO  com.guli.teacher.TeacherApplication - Starting TeacherApplication using Java 14.0.2 on diyandeMacBook-Pro.local with PID 78927 (/Users/c1eye/IdeaProject/untitled/guli_parent/guli_teacher/target/classes started by c1eye in /Users/c1eye/IdeaProject/untitled/guli_parent)
2021-05-08 19:53:20.220 [restartedMain] INFO  com.guli.teacher.TeacherApplication - The following profiles are active: dev
2021-05-08 19:53:20.272 [restartedMain] INFO  o.s.b.d.env.DevToolsPropertyDefaultsPostProcessor - Devtools property defaults active! Set 'spring.devtools.add-properties' to 'false' to disable
2021-05-08 19:53:20.273 [restartedMain] INFO  o.s.b.d.env.DevToolsPropertyDefaultsPostProcessor - For additional web related logging consider setting the 'logging.level.web' property to 'DEBUG'
2021-05-08 19:53:21.725 [restartedMain] INFO  o.s.boot.web.embedded.tomcat.TomcatWebServer - Tomcat initialized with port(s): 8001 (http)
2021-05-08 19:53:21.737 [restartedMain] INFO  org.apache.coyote.http11.Http11NioProtocol - Initializing ProtocolHandler ["http-nio-8001"]
2021-05-08 19:53:21.738 [restartedMain] INFO  org.apache.catalina.core.StandardService - Starting service [Tomcat]
2021-05-08 19:53:21.738 [restartedMain] INFO  org.apache.catalina.core.StandardEngine - Starting Servlet engine: [Apache Tomcat/9.0.44]
2021-05-08 19:53:21.799 [restartedMain] INFO  o.a.c.core.ContainerBase.[Tomcat].[localhost].[/] - Initializing Spring embedded WebApplicationContext
2021-05-08 19:53:21.800 [restartedMain] INFO  o.s.b.w.s.c.ServletWebServerApplicationContext - Root WebApplicationContext: initialization completed in 1526 ms
2021-05-08 19:53:21.993 [restartedMain] INFO  com.zaxxer.hikari.HikariDataSource - HikariPool-1 - Starting...
2021-05-08 19:53:22.121 [restartedMain] INFO  com.zaxxer.hikari.HikariDataSource - HikariPool-1 - Start completed.
2021-05-08 19:53:22.659 [restartedMain] INFO  s.d.s.w.PropertySourcedRequestMappingHandlerMapping - Mapped URL path [/v2/api-docs] onto method [springfox.documentation.swagger2.web.Swagger2Controller#getDocumentation(String, HttpServletRequest)]
2021-05-08 19:53:22.742 [restartedMain] INFO  o.s.scheduling.concurrent.ThreadPoolTaskExecutor - Initializing ExecutorService 'applicationTaskExecutor'
2021-05-08 19:53:22.777 [restartedMain] INFO  o.s.b.d.autoconfigure.OptionalLiveReloadServer - LiveReload server is running on port 35729
2021-05-08 19:53:22.909 [restartedMain] INFO  org.apache.coyote.http11.Http11NioProtocol - Starting ProtocolHandler ["http-nio-8001"]
2021-05-08 19:53:22.929 [restartedMain] INFO  o.s.boot.web.embedded.tomcat.TomcatWebServer - Tomcat started on port(s): 8001 (http) with context path ''
2021-05-08 19:53:22.930 [restartedMain] INFO  s.d.s.web.plugins.DocumentationPluginsBootstrapper - Context refreshed
2021-05-08 19:53:22.949 [restartedMain] INFO  s.d.s.web.plugins.DocumentationPluginsBootstrapper - Found 1 custom documentation plugin(s)
2021-05-08 19:53:22.975 [restartedMain] INFO  s.d.spring.web.scanners.ApiListingReferenceScanner - Scanning for api listing references
2021-05-08 19:53:23.081 [restartedMain] INFO  s.d.s.w.r.operation.CachingOperationNameGenerator - Generating unique operation named: deleteByIdUsingDELETE_1
2021-05-08 19:53:23.122 [restartedMain] INFO  com.guli.teacher.TeacherApplication - Started TeacherApplication in 3.338 seconds (JVM running for 4.128)
2021-05-08 19:53:26.783 [http-nio-8001-exec-1] INFO  o.a.c.core.ContainerBase.[Tomcat].[localhost].[/] - Initializing Spring DispatcherServlet 'dispatcherServlet'
2021-05-08 19:53:26.784 [http-nio-8001-exec-1] INFO  org.springframework.web.servlet.DispatcherServlet - Initializing Servlet 'dispatcherServlet'
2021-05-08 19:53:26.785 [http-nio-8001-exec-1] INFO  org.springframework.web.servlet.DispatcherServlet - Completed initialization in 1 ms
2021-05-08 19:54:44.189 [http-nio-8002-exec-1] INFO  o.a.c.core.ContainerBase.[Tomcat].[localhost].[/] - Initializing Spring DispatcherServlet 'dispatcherServlet'
2021-05-08 19:54:44.194 [http-nio-8002-exec-1] INFO  org.springframework.web.servlet.DispatcherServlet - Initializing Servlet 'dispatcherServlet'
2021-05-08 19:54:44.209 [http-nio-8002-exec-1] INFO  org.springframework.web.servlet.DispatcherServlet - Completed initialization in 14 ms
2021-05-08 20:17:16.188 [SpringContextShutdownHook] INFO  o.s.scheduling.concurrent.ThreadPoolTaskExecutor - Shutting down ExecutorService 'applicationTaskExecutor'
2021-05-08 20:17:16.191 [SpringContextShutdownHook] INFO  com.zaxxer.hikari.HikariDataSource - HikariPool-1 - Shutdown initiated...
2021-05-08 20:17:16.201 [SpringContextShutdownHook] INFO  com.zaxxer.hikari.HikariDataSource - HikariPool-1 - Shutdown completed.
2021-05-08 20:17:22.466 [restartedMain] INFO  com.guli.teacher.TeacherApplication - Starting TeacherApplication using Java 14.0.2 on diyandeMacBook-Pro.local with PID 81473 (/Users/c1eye/IdeaProject/untitled/guli_parent/guli_teacher/target/classes started by c1eye in /Users/c1eye/IdeaProject/untitled/guli_parent)
2021-05-08 20:17:22.469 [restartedMain] INFO  com.guli.teacher.TeacherApplication - The following profiles are active: dev
2021-05-08 20:17:22.516 [restartedMain] INFO  o.s.b.d.env.DevToolsPropertyDefaultsPostProcessor - Devtools property defaults active! Set 'spring.devtools.add-properties' to 'false' to disable
2021-05-08 20:17:22.516 [restartedMain] INFO  o.s.b.d.env.DevToolsPropertyDefaultsPostProcessor - For additional web related logging consider setting the 'logging.level.web' property to 'DEBUG'
2021-05-08 20:17:23.818 [restartedMain] INFO  o.s.boot.web.embedded.tomcat.TomcatWebServer - Tomcat initialized with port(s): 8001 (http)
2021-05-08 20:17:23.829 [restartedMain] INFO  org.apache.coyote.http11.Http11NioProtocol - Initializing ProtocolHandler ["http-nio-8001"]
2021-05-08 20:17:23.830 [restartedMain] INFO  org.apache.catalina.core.StandardService - Starting service [Tomcat]
2021-05-08 20:17:23.830 [restartedMain] INFO  org.apache.catalina.core.StandardEngine - Starting Servlet engine: [Apache Tomcat/9.0.44]
2021-05-08 20:17:23.897 [restartedMain] INFO  o.a.c.core.ContainerBase.[Tomcat].[localhost].[/] - Initializing Spring embedded WebApplicationContext
2021-05-08 20:17:23.897 [restartedMain] INFO  o.s.b.w.s.c.ServletWebServerApplicationContext - Root WebApplicationContext: initialization completed in 1379 ms
2021-05-08 20:17:24.098 [restartedMain] INFO  com.zaxxer.hikari.HikariDataSource - HikariPool-1 - Starting...
2021-05-08 20:17:24.232 [restartedMain] INFO  com.zaxxer.hikari.HikariDataSource - HikariPool-1 - Start completed.
2021-05-08 20:17:24.783 [restartedMain] INFO  s.d.s.w.PropertySourcedRequestMappingHandlerMapping - Mapped URL path [/v2/api-docs] onto method [springfox.documentation.swagger2.web.Swagger2Controller#getDocumentation(String, HttpServletRequest)]
2021-05-08 20:17:24.897 [restartedMain] INFO  o.s.scheduling.concurrent.ThreadPoolTaskExecutor - Initializing ExecutorService 'applicationTaskExecutor'
2021-05-08 20:17:24.951 [restartedMain] INFO  o.s.b.d.autoconfigure.OptionalLiveReloadServer - LiveReload server is running on port 35729
2021-05-08 20:17:25.111 [restartedMain] INFO  org.apache.coyote.http11.Http11NioProtocol - Starting ProtocolHandler ["http-nio-8001"]
2021-05-08 20:17:25.131 [restartedMain] INFO  o.s.boot.web.embedded.tomcat.TomcatWebServer - Tomcat started on port(s): 8001 (http) with context path ''
2021-05-08 20:17:25.132 [restartedMain] INFO  s.d.s.web.plugins.DocumentationPluginsBootstrapper - Context refreshed
2021-05-08 20:17:25.150 [restartedMain] INFO  s.d.s.web.plugins.DocumentationPluginsBootstrapper - Found 1 custom documentation plugin(s)
2021-05-08 20:17:25.181 [restartedMain] INFO  s.d.spring.web.scanners.ApiListingReferenceScanner - Scanning for api listing references
2021-05-08 20:17:25.358 [restartedMain] INFO  s.d.s.w.r.operation.CachingOperationNameGenerator - Generating unique operation named: deleteByIdUsingDELETE_1
2021-05-08 20:17:25.439 [restartedMain] INFO  com.guli.teacher.TeacherApplication - Started TeacherApplication in 3.395 seconds (JVM running for 4.361)
2021-05-08 20:17:32.793 [http-nio-8001-exec-1] INFO  o.a.c.core.ContainerBase.[Tomcat].[localhost].[/] - Initializing Spring DispatcherServlet 'dispatcherServlet'
2021-05-08 20:17:32.793 [http-nio-8001-exec-1] INFO  org.springframework.web.servlet.DispatcherServlet - Initializing Servlet 'dispatcherServlet'
2021-05-08 20:17:32.795 [http-nio-8001-exec-1] INFO  org.springframework.web.servlet.DispatcherServlet - Completed initialization in 1 ms
2021-05-08 21:51:18.556 [SpringContextShutdownHook] INFO  o.s.scheduling.concurrent.ThreadPoolTaskExecutor - Shutting down ExecutorService 'applicationTaskExecutor'
2021-05-08 21:51:18.560 [SpringContextShutdownHook] INFO  com.zaxxer.hikari.HikariDataSource - HikariPool-1 - Shutdown initiated...
2021-05-08 21:51:18.563 [SpringContextShutdownHook] INFO  com.zaxxer.hikari.HikariDataSource - HikariPool-1 - Shutdown completed.
2021-05-08 21:51:24.404 [restartedMain] INFO  com.guli.teacher.TeacherApplication - Starting TeacherApplication using Java 14.0.2 on diyandeMacBook-Pro.local with PID 91983 (/Users/c1eye/IdeaProject/untitled/guli_parent/guli_teacher/target/classes started by c1eye in /Users/c1eye/IdeaProject/untitled/guli_parent)
2021-05-08 21:51:24.406 [restartedMain] INFO  com.guli.teacher.TeacherApplication - The following profiles are active: dev
2021-05-08 21:51:24.447 [restartedMain] INFO  o.s.b.d.env.DevToolsPropertyDefaultsPostProcessor - Devtools property defaults active! Set 'spring.devtools.add-properties' to 'false' to disable
2021-05-08 21:51:24.448 [restartedMain] INFO  o.s.b.d.env.DevToolsPropertyDefaultsPostProcessor - For additional web related logging consider setting the 'logging.level.web' property to 'DEBUG'
2021-05-08 21:51:25.706 [restartedMain] INFO  o.s.boot.web.embedded.tomcat.TomcatWebServer - Tomcat initialized with port(s): 8001 (http)
2021-05-08 21:51:25.718 [restartedMain] INFO  org.apache.coyote.http11.Http11NioProtocol - Initializing ProtocolHandler ["http-nio-8001"]
2021-05-08 21:51:25.718 [restartedMain] INFO  org.apache.catalina.core.StandardService - Starting service [Tomcat]
2021-05-08 21:51:25.718 [restartedMain] INFO  org.apache.catalina.core.StandardEngine - Starting Servlet engine: [Apache Tomcat/9.0.44]
2021-05-08 21:51:25.777 [restartedMain] INFO  o.a.c.core.ContainerBase.[Tomcat].[localhost].[/] - Initializing Spring embedded WebApplicationContext
2021-05-08 21:51:25.777 [restartedMain] INFO  o.s.b.w.s.c.ServletWebServerApplicationContext - Root WebApplicationContext: initialization completed in 1328 ms
2021-05-08 21:51:25.980 [restartedMain] INFO  com.zaxxer.hikari.HikariDataSource - HikariPool-1 - Starting...
2021-05-08 21:51:26.118 [restartedMain] INFO  com.zaxxer.hikari.HikariDataSource - HikariPool-1 - Start completed.
2021-05-08 21:51:26.720 [restartedMain] INFO  s.d.s.w.PropertySourcedRequestMappingHandlerMapping - Mapped URL path [/v2/api-docs] onto method [springfox.documentation.swagger2.web.Swagger2Controller#getDocumentation(String, HttpServletRequest)]
2021-05-08 21:51:26.819 [restartedMain] INFO  o.s.scheduling.concurrent.ThreadPoolTaskExecutor - Initializing ExecutorService 'applicationTaskExecutor'
2021-05-08 21:51:26.858 [restartedMain] INFO  o.s.b.d.autoconfigure.OptionalLiveReloadServer - LiveReload server is running on port 35729
2021-05-08 21:51:26.994 [restartedMain] INFO  org.apache.coyote.http11.Http11NioProtocol - Starting ProtocolHandler ["http-nio-8001"]
2021-05-08 21:51:27.013 [restartedMain] INFO  o.s.boot.web.embedded.tomcat.TomcatWebServer - Tomcat started on port(s): 8001 (http) with context path ''
2021-05-08 21:51:27.014 [restartedMain] INFO  s.d.s.web.plugins.DocumentationPluginsBootstrapper - Context refreshed
2021-05-08 21:51:27.032 [restartedMain] INFO  s.d.s.web.plugins.DocumentationPluginsBootstrapper - Found 1 custom documentation plugin(s)
2021-05-08 21:51:27.059 [restartedMain] INFO  s.d.spring.web.scanners.ApiListingReferenceScanner - Scanning for api listing references
2021-05-08 21:51:27.164 [restartedMain] INFO  s.d.s.w.r.operation.CachingOperationNameGenerator - Generating unique operation named: deleteByIdUsingDELETE_1
2021-05-08 21:51:27.204 [restartedMain] INFO  com.guli.teacher.TeacherApplication - Started TeacherApplication in 3.189 seconds (JVM running for 3.983)
2021-05-08 21:51:31.692 [http-nio-8001-exec-1] INFO  o.a.c.core.ContainerBase.[Tomcat].[localhost].[/] - Initializing Spring DispatcherServlet 'dispatcherServlet'
2021-05-08 21:51:31.693 [http-nio-8001-exec-1] INFO  org.springframework.web.servlet.DispatcherServlet - Initializing Servlet 'dispatcherServlet'
2021-05-08 21:51:31.702 [http-nio-8001-exec-1] INFO  org.springframework.web.servlet.DispatcherServlet - Completed initialization in 1 ms
