2021-05-22 15:52:33.399 [SpringContextShutdownHook] ERROR com.netflix.discovery.DiscoveryClient - DiscoveryClient_GULI-TEACHER/diyandembp:guli-teacher:8001 - de-registration failedCannot execute request on any known server
com.netflix.discovery.shared.transport.TransportException: Cannot execute request on any known server
	at com.netflix.discovery.shared.transport.decorator.RetryableEurekaHttpClient.execute(RetryableEurekaHttpClient.java:112)
	at com.netflix.discovery.shared.transport.decorator.EurekaHttpClientDecorator.cancel(EurekaHttpClientDecorator.java:71)
	at com.netflix.discovery.shared.transport.decorator.EurekaHttpClientDecorator$2.execute(EurekaHttpClientDecorator.java:74)
	at com.netflix.discovery.shared.transport.decorator.SessionedEurekaHttpClient.execute(SessionedEurekaHttpClient.java:77)
	at com.netflix.discovery.shared.transport.decorator.EurekaHttpClientDecorator.cancel(EurekaHttpClientDecorator.java:71)
	at com.netflix.discovery.DiscoveryClient.unregister(DiscoveryClient.java:972)
	at com.netflix.discovery.DiscoveryClient.shutdown(DiscoveryClient.java:948)
	at java.base/jdk.internal.reflect.NativeMethodAccessorImpl.invoke0(Native Method)
	at java.base/jdk.internal.reflect.NativeMethodAccessorImpl.invoke(NativeMethodAccessorImpl.java:62)
	at java.base/jdk.internal.reflect.DelegatingMethodAccessorImpl.invoke(DelegatingMethodAccessorImpl.java:43)
	at java.base/java.lang.reflect.Method.invoke(Method.java:564)
	at org.springframework.beans.factory.annotation.InitDestroyAnnotationBeanPostProcessor$LifecycleElement.invoke(InitDestroyAnnotationBeanPostProcessor.java:389)
	at org.springframework.beans.factory.annotation.InitDestroyAnnotationBeanPostProcessor$LifecycleMetadata.invokeDestroyMethods(InitDestroyAnnotationBeanPostProcessor.java:347)
	at org.springframework.beans.factory.annotation.InitDestroyAnnotationBeanPostProcessor.postProcessBeforeDestruction(InitDestroyAnnotationBeanPostProcessor.java:177)
	at org.springframework.beans.factory.support.DisposableBeanAdapter.destroy(DisposableBeanAdapter.java:184)
	at org.springframework.beans.factory.support.DisposableBeanAdapter.run(DisposableBeanAdapter.java:177)
	at org.springframework.cloud.context.scope.GenericScope$BeanLifecycleWrapper.destroy(GenericScope.java:395)
	at org.springframework.cloud.context.scope.GenericScope.destroy(GenericScope.java:141)
	at org.springframework.beans.factory.support.DisposableBeanAdapter.destroy(DisposableBeanAdapter.java:200)
	at org.springframework.beans.factory.support.DefaultSingletonBeanRegistry.destroyBean(DefaultSingletonBeanRegistry.java:587)
	at org.springframework.beans.factory.support.DefaultSingletonBeanRegistry.destroySingleton(DefaultSingletonBeanRegistry.java:559)
	at org.springframework.beans.factory.support.DefaultListableBeanFactory.destroySingleton(DefaultListableBeanFactory.java:1152)
	at org.springframework.beans.factory.support.DefaultSingletonBeanRegistry.destroySingletons(DefaultSingletonBeanRegistry.java:520)
	at org.springframework.beans.factory.support.DefaultListableBeanFactory.destroySingletons(DefaultListableBeanFactory.java:1145)
	at org.springframework.context.support.AbstractApplicationContext.destroyBeans(AbstractApplicationContext.java:1106)
	at org.springframework.context.support.AbstractApplicationContext.doClose(AbstractApplicationContext.java:1075)
	at org.springframework.boot.web.servlet.context.ServletWebServerApplicationContext.doClose(ServletWebServerApplicationContext.java:171)
	at org.springframework.context.support.AbstractApplicationContext$1.run(AbstractApplicationContext.java:991)
2021-05-22 16:48:23.823 [SpringContextShutdownHook] ERROR com.netflix.discovery.DiscoveryClient - DiscoveryClient_GULI-TEACHER/172.20.10.2:guli-teacher:8001 - de-registration failedCannot execute request on any known server
com.netflix.discovery.shared.transport.TransportException: Cannot execute request on any known server
	at com.netflix.discovery.shared.transport.decorator.RetryableEurekaHttpClient.execute(RetryableEurekaHttpClient.java:112)
	at com.netflix.discovery.shared.transport.decorator.EurekaHttpClientDecorator.cancel(EurekaHttpClientDecorator.java:71)
	at com.netflix.discovery.shared.transport.decorator.EurekaHttpClientDecorator$2.execute(EurekaHttpClientDecorator.java:74)
	at com.netflix.discovery.shared.transport.decorator.SessionedEurekaHttpClient.execute(SessionedEurekaHttpClient.java:77)
	at com.netflix.discovery.shared.transport.decorator.EurekaHttpClientDecorator.cancel(EurekaHttpClientDecorator.java:71)
	at com.netflix.discovery.DiscoveryClient.unregister(DiscoveryClient.java:972)
	at com.netflix.discovery.DiscoveryClient.shutdown(DiscoveryClient.java:948)
	at java.base/jdk.internal.reflect.NativeMethodAccessorImpl.invoke0(Native Method)
	at java.base/jdk.internal.reflect.NativeMethodAccessorImpl.invoke(NativeMethodAccessorImpl.java:62)
	at java.base/jdk.internal.reflect.DelegatingMethodAccessorImpl.invoke(DelegatingMethodAccessorImpl.java:43)
	at java.base/java.lang.reflect.Method.invoke(Method.java:564)
	at org.springframework.beans.factory.annotation.InitDestroyAnnotationBeanPostProcessor$LifecycleElement.invoke(InitDestroyAnnotationBeanPostProcessor.java:389)
	at org.springframework.beans.factory.annotation.InitDestroyAnnotationBeanPostProcessor$LifecycleMetadata.invokeDestroyMethods(InitDestroyAnnotationBeanPostProcessor.java:347)
	at org.springframework.beans.factory.annotation.InitDestroyAnnotationBeanPostProcessor.postProcessBeforeDestruction(InitDestroyAnnotationBeanPostProcessor.java:177)
	at org.springframework.beans.factory.support.DisposableBeanAdapter.destroy(DisposableBeanAdapter.java:184)
	at org.springframework.beans.factory.support.DisposableBeanAdapter.run(DisposableBeanAdapter.java:177)
	at org.springframework.cloud.context.scope.GenericScope$BeanLifecycleWrapper.destroy(GenericScope.java:395)
	at org.springframework.cloud.context.scope.GenericScope.destroy(GenericScope.java:141)
	at org.springframework.beans.factory.support.DisposableBeanAdapter.destroy(DisposableBeanAdapter.java:200)
	at org.springframework.beans.factory.support.DefaultSingletonBeanRegistry.destroyBean(DefaultSingletonBeanRegistry.java:587)
	at org.springframework.beans.factory.support.DefaultSingletonBeanRegistry.destroySingleton(DefaultSingletonBeanRegistry.java:559)
	at org.springframework.beans.factory.support.DefaultListableBeanFactory.destroySingleton(DefaultListableBeanFactory.java:1152)
	at org.springframework.beans.factory.support.DefaultSingletonBeanRegistry.destroySingletons(DefaultSingletonBeanRegistry.java:520)
	at org.springframework.beans.factory.support.DefaultListableBeanFactory.destroySingletons(DefaultListableBeanFactory.java:1145)
	at org.springframework.context.support.AbstractApplicationContext.destroyBeans(AbstractApplicationContext.java:1106)
	at org.springframework.context.support.AbstractApplicationContext.doClose(AbstractApplicationContext.java:1075)
	at org.springframework.boot.web.servlet.context.ServletWebServerApplicationContext.doClose(ServletWebServerApplicationContext.java:171)
	at org.springframework.context.support.AbstractApplicationContext$1.run(AbstractApplicationContext.java:991)
2021-05-22 18:53:26.185 [http-nio-8001-exec-2] ERROR com.guli.teacher.handler.DataMetaObjectHandler - start insert fill ....
2021-05-22 18:53:34.549 [http-nio-8001-exec-5] ERROR com.guli.teacher.handler.DataMetaObjectHandler - start insert fill ....
2021-05-22 18:53:53.295 [http-nio-8001-exec-7] ERROR com.guli.teacher.handler.DataMetaObjectHandler - start insert fill ....
2021-05-22 18:54:07.250 [http-nio-8001-exec-9] ERROR com.guli.teacher.handler.DataMetaObjectHandler - start insert fill ....
2021-05-22 18:54:21.198 [http-nio-8001-exec-2] ERROR com.guli.teacher.handler.DataMetaObjectHandler - start insert fill ....
2021-05-22 18:54:30.461 [http-nio-8001-exec-4] ERROR com.guli.teacher.handler.DataMetaObjectHandler - start insert fill ....
2021-05-22 18:54:36.135 [http-nio-8001-exec-6] ERROR com.guli.teacher.handler.DataMetaObjectHandler - start insert fill ....
2021-05-22 18:56:45.133 [http-nio-8001-exec-6] ERROR com.guli.teacher.handler.DataMetaObjectHandler - start insert fill ....
2021-05-22 18:57:12.036 [http-nio-8001-exec-10] ERROR com.guli.teacher.handler.DataMetaObjectHandler - start insert fill ....
2021-05-22 18:57:25.392 [http-nio-8001-exec-2] ERROR com.guli.teacher.handler.DataMetaObjectHandler - start insert fill ....
2021-05-22 18:57:58.552 [http-nio-8001-exec-4] ERROR com.guli.teacher.handler.DataMetaObjectHandler - start insert fill ....
2021-05-22 18:58:08.847 [http-nio-8001-exec-6] ERROR com.guli.teacher.handler.DataMetaObjectHandler - start insert fill ....
2021-05-22 18:58:16.197 [http-nio-8001-exec-8] ERROR com.guli.teacher.handler.DataMetaObjectHandler - start insert fill ....
2021-05-22 18:58:24.998 [http-nio-8001-exec-10] ERROR com.guli.teacher.handler.DataMetaObjectHandler - start insert fill ....
2021-05-22 18:58:33.233 [http-nio-8001-exec-2] ERROR com.guli.teacher.handler.DataMetaObjectHandler - start insert fill ....
2021-05-22 18:58:48.345 [http-nio-8001-exec-4] ERROR com.guli.teacher.handler.DataMetaObjectHandler - start insert fill ....
2021-05-22 19:01:31.023 [http-nio-8001-exec-6] ERROR com.guli.teacher.handler.DataMetaObjectHandler - start insert fill ....
2021-05-22 19:01:45.120 [http-nio-8001-exec-8] ERROR com.guli.teacher.handler.DataMetaObjectHandler - start insert fill ....
2021-05-22 19:01:52.796 [http-nio-8001-exec-10] ERROR com.guli.teacher.handler.DataMetaObjectHandler - start insert fill ....
2021-05-22 19:01:58.274 [http-nio-8001-exec-2] ERROR com.guli.teacher.handler.DataMetaObjectHandler - start insert fill ....
2021-05-22 19:02:25.490 [http-nio-8001-exec-4] ERROR com.guli.teacher.handler.DataMetaObjectHandler - start insert fill ....
2021-05-22 19:02:31.788 [http-nio-8001-exec-6] ERROR com.guli.teacher.handler.DataMetaObjectHandler - start insert fill ....
2021-05-22 19:02:51.679 [http-nio-8001-exec-8] ERROR com.guli.teacher.handler.DataMetaObjectHandler - start insert fill ....
2021-05-22 19:10:22.627 [http-nio-8001-exec-3] ERROR com.guli.teacher.handler.DataMetaObjectHandler - start insert fill ....
2021-05-22 19:12:48.164 [http-nio-8001-exec-9] ERROR com.guli.teacher.handler.DataMetaObjectHandler - start insert fill ....
2021-05-22 19:12:48.180 [http-nio-8001-exec-9] ERROR com.guli.teacher.handler.DataMetaObjectHandler - start insert fill ....
2021-05-22 20:10:58.182 [http-nio-8001-exec-2] ERROR com.guli.teacher.handler.DataMetaObjectHandler - start insert fill ....
2021-05-22 20:11:29.575 [http-nio-8001-exec-4] ERROR com.guli.teacher.handler.DataMetaObjectHandler - start insert fill ....
